#
# There is insufficient memory for the Java Runtime Environment to continue.
# Native memory allocation (malloc) failed to allocate 32744 bytes for ChunkPool::allocate
# Possible reasons:
#   The system is out of physical RAM or swap space
#   The process is running with CompressedOops enabled, and the Java Heap may be blocking the growth of the native heap
# Possible solutions:
#   Reduce memory load on the system
#   Increase physical memory or swap space
#   Check if swap backing store is full
#   Decrease Java heap size (-Xmx/-Xms)
#   Decrease number of Java threads
#   Decrease Java thread stack sizes (-Xss)
#   Set larger code cache with -XX:ReservedCodeCacheSize=
#   JVM is running with Unscaled Compressed Oops mode in which the Java heap is
#     placed in the first 4GB address space. The Java Heap base address is the
#     maximum limit for the native heap growth. Please use -XX:HeapBaseMinAddress
#     to set the Java Heap base and to place the Java Heap above 4GB virtual address.
# This output file may be truncated or incomplete.
#
#  Out of Memory Error (arena.cpp:79), pid=10372, tid=18164
#
# JRE version: OpenJDK Runtime Environment Temurin-17.0.9+9 (17.0.9+9) (build 17.0.9+9)
# Java VM: OpenJDK 64-Bit Server VM Temurin-17.0.9+9 (17.0.9+9, mixed mode, tiered, compressed oops, compressed class ptrs, g1 gc, windows-amd64)
# No core dump will be written. Minidumps are not enabled by default on client versions of Windows
#

---------------  S U M M A R Y ------------

Command Line: -ea -Dfile.encoding=UTF-8 -Dstdout.encoding=UTF-8 -Dstderr.encoding=UTF-8 -XX:+ShowCodeDetailsInExceptionMessages org.testng.remote.RemoteTestNG -serport 61143 -protocol json -d C:\Users\Vignesh.sakthivel\eclipse-workspace\Dufry_project\test-output C:\Users\Vignesh.sakthivel\eclipse-workspace\Dufry_project\testng2.xml

Host: Intel(R) Core(TM) i3-2120 CPU @ 3.30GHz, 4 cores, 7G,  Windows 10 , 64 bit Build 19041 (10.0.19041.4717)
Time: Wed Aug 28 10:53:57 2024 India Standard Time elapsed time: 170.625835 seconds (0d 0h 2m 50s)

---------------  T H R E A D  ---------------

Current thread (0x0000021497076330):  JavaThread "C2 CompilerThread0" daemon [_thread_in_native, id=18164, stack(0x000000a062100000,0x000000a062200000)]


Current CompileTask:
C2: 170626 4111       4       jdk.internal.net.http.common.Utils::isValidName (52 bytes)

Stack: [0x000000a062100000,0x000000a062200000]
Native frames: (J=compiled Java code, j=interpreted, Vv=VM code, C=native code)
V  [jvm.dll+0x67cf49]
V  [jvm.dll+0x83478a]
V  [jvm.dll+0x83624e]
V  [jvm.dll+0x8368b3]
V  [jvm.dll+0x247f1f]
V  [jvm.dll+0xac65c]
V  [jvm.dll+0xaca8c]
V  [jvm.dll+0xac54b]
V  [jvm.dll+0x65a5ac]
V  [jvm.dll+0x59229a]
V  [jvm.dll+0x57c2f0]
V  [jvm.dll+0x57e55f]
V  [jvm.dll+0x57e09d]
V  [jvm.dll+0x57df80]
V  [jvm.dll+0x57e109]
V  [jvm.dll+0x585cb4]
V  [jvm.dll+0x222f62]
V  [jvm.dll+0x22334f]
V  [jvm.dll+0x21c476]
V  [jvm.dll+0x2198c1]
V  [jvm.dll+0x1a57cd]
V  [jvm.dll+0x2297ae]
V  [jvm.dll+0x22797c]
V  [jvm.dll+0x7e9877]
V  [jvm.dll+0x7e3c3a]
V  [jvm.dll+0x67be35]
C  [ucrtbase.dll+0x21bb2]
C  [KERNEL32.DLL+0x17374]
C  [ntdll.dll+0x4cc91]


---------------  P R O C E S S  ---------------

Threads class SMR info:
_java_thread_list=0x00000214993eec30, length=32, elements={
0x00000214f86d3af0, 0x000002149701d5c0, 0x000002149701fff0, 0x000002149703c290,
0x000002149703cb60, 0x000002149703d430, 0x000002149703dd00, 0x0000021497076330,
0x00000214970e2ca0, 0x00000214971039d0, 0x00000214971fedd0, 0x000002149721aa00,
0x0000021497bbca30, 0x00000214980bd4f0, 0x00000214984fa010, 0x000002149810b630,
0x000002149810a700, 0x00000214981092c0, 0x000002149810bb40, 0x000002149810ac10,
0x000002149810b120, 0x0000021497ef38c0, 0x0000021497ef33b0, 0x0000021497ef3dd0,
0x0000021497ef47f0, 0x0000021497ef2480, 0x0000021497ef1a60, 0x0000021497ef2ea0,
0x00000214978b35f0, 0x00000214978b4a30, 0x00000214978b9620, 0x00000214978b3b00
}

Java Threads: ( => current thread )
  0x00000214f86d3af0 JavaThread "main" [_thread_blocked, id=19984, stack(0x000000a061400000,0x000000a061500000)]
  0x000002149701d5c0 JavaThread "Reference Handler" daemon [_thread_blocked, id=20392, stack(0x000000a061b00000,0x000000a061c00000)]
  0x000002149701fff0 JavaThread "Finalizer" daemon [_thread_blocked, id=7152, stack(0x000000a061c00000,0x000000a061d00000)]
  0x000002149703c290 JavaThread "Signal Dispatcher" daemon [_thread_blocked, id=10304, stack(0x000000a061d00000,0x000000a061e00000)]
  0x000002149703cb60 JavaThread "Attach Listener" daemon [_thread_blocked, id=15592, stack(0x000000a061e00000,0x000000a061f00000)]
  0x000002149703d430 JavaThread "Service Thread" daemon [_thread_blocked, id=17068, stack(0x000000a061f00000,0x000000a062000000)]
  0x000002149703dd00 JavaThread "Monitor Deflation Thread" daemon [_thread_blocked, id=7460, stack(0x000000a062000000,0x000000a062100000)]
=>0x0000021497076330 JavaThread "C2 CompilerThread0" daemon [_thread_in_native, id=18164, stack(0x000000a062100000,0x000000a062200000)]
  0x00000214970e2ca0 JavaThread "C1 CompilerThread0" daemon [_thread_blocked, id=2444, stack(0x000000a062200000,0x000000a062300000)]
  0x00000214971039d0 JavaThread "Sweeper thread" daemon [_thread_blocked, id=11928, stack(0x000000a062300000,0x000000a062400000)]
  0x00000214971fedd0 JavaThread "Notification Thread" daemon [_thread_blocked, id=13268, stack(0x000000a062400000,0x000000a062500000)]
  0x000002149721aa00 JavaThread "Common-Cleaner" daemon [_thread_blocked, id=13248, stack(0x000000a062600000,0x000000a062700000)]
  0x0000021497bbca30 JavaThread "ReaderThread" [_thread_in_native, id=5988, stack(0x000000a062900000,0x000000a062a00000)]
  0x00000214980bd4f0 JavaThread "Forwarding clickElement on session cc6b1a963da2c3e643e97a6e2a967b4a to remote" [_thread_blocked, id=19676, stack(0x000000a062c00000,0x000000a062d00000)]
  0x00000214984fa010 JavaThread "Forwarding clickElement on session 1f53b62b8ba23e4c201b515ac42b0188 to remote" [_thread_blocked, id=8076, stack(0x000000a062d00000,0x000000a062e00000)]
  0x000002149810b630 JavaThread "ForkJoinPool.commonPool-worker-1" daemon [_thread_blocked, id=18240, stack(0x000000a062e00000,0x000000a062f00000)]
  0x000002149810a700 JavaThread "HttpClient-1-SelectorManager" daemon [_thread_in_native, id=18436, stack(0x000000a063000000,0x000000a063100000)]
  0x00000214981092c0 JavaThread "HttpClient-2-SelectorManager" daemon [_thread_in_native, id=4244, stack(0x000000a063100000,0x000000a063200000)]
  0x000002149810bb40 JavaThread "External Process Output Forwarder - C:\Users\Vignesh.sakthivel\.cache\selenium\chromedriver\win64\128.0.6613.84\chromedriver.exe" daemon [_thread_in_native, id=18664, stack(0x000000a063200000,0x000000a063300000)]
  0x000002149810ac10 JavaThread "Driver Service Executor" daemon [_thread_blocked, id=15628, stack(0x000000a063300000,0x000000a063400000)]
  0x000002149810b120 JavaThread "Driver Service Executor" daemon [_thread_blocked, id=17500, stack(0x000000a063400000,0x000000a063500000)]
  0x0000021497ef38c0 JavaThread "External Process Output Forwarder - C:\Users\Vignesh.sakthivel\.cache\selenium\msedgedriver\win64\128.0.2739.42\msedgedriver.exe" daemon [_thread_in_native, id=8384, stack(0x000000a063900000,0x000000a063a00000)]
  0x0000021497ef33b0 JavaThread "Driver Service Executor" daemon [_thread_blocked, id=3528, stack(0x000000a063a00000,0x000000a063b00000)]
  0x0000021497ef3dd0 JavaThread "Driver Service Executor" daemon [_thread_blocked, id=16644, stack(0x000000a063b00000,0x000000a063c00000)]
  0x0000021497ef47f0 JavaThread "pool-1-thread-1" [_thread_blocked, id=12308, stack(0x000000a063c00000,0x000000a063d00000)]
  0x0000021497ef2480 JavaThread "pool-1-thread-2" [_thread_blocked, id=16896, stack(0x000000a063d00000,0x000000a063e00000)]
  0x0000021497ef1a60 JavaThread "HttpClient-3-SelectorManager" daemon [_thread_in_native, id=18996, stack(0x000000a063e00000,0x000000a063f00000)]
  0x0000021497ef2ea0 JavaThread "HttpClient-4-SelectorManager" daemon [_thread_in_native, id=10396, stack(0x000000a062f00000,0x000000a063000000)]
  0x00000214978b35f0 JavaThread "pool-1-thread-3" [_thread_blocked, id=2968, stack(0x000000a064500000,0x000000a064600000)]
  0x00000214978b4a30 JavaThread "pool-2-thread-4" [_thread_blocked, id=10248, stack(0x000000a061300000,0x000000a061400000)]
  0x00000214978b9620 JavaThread "pool-2-thread-5" [_thread_blocked, id=12772, stack(0x000000a063500000,0x000000a063600000)]
  0x00000214978b3b00 JavaThread "pool-2-thread-6" [_thread_blocked, id=10704, stack(0x000000a063600000,0x000000a063700000)]

Other Threads:
  0x00000214970196d0 VMThread "VM Thread" [stack: 0x000000a061a00000,0x000000a061b00000] [id=10840]
  0x00000214971ffac0 WatcherThread [stack: 0x000000a062500000,0x000000a062600000] [id=16768]
  0x00000214f872b560 GCTaskThread "GC Thread#0" [stack: 0x000000a061500000,0x000000a061600000] [id=14972]
  0x0000021497f256c0 GCTaskThread "GC Thread#1" [stack: 0x000000a062700000,0x000000a062800000] [id=10220]
  0x0000021497af4d40 GCTaskThread "GC Thread#2" [stack: 0x000000a062a00000,0x000000a062b00000] [id=13672]
  0x0000021497af5810 GCTaskThread "GC Thread#3" [stack: 0x000000a062b00000,0x000000a062c00000] [id=14100]
  0x00000214f873cab0 ConcurrentGCThread "G1 Main Marker" [stack: 0x000000a061600000,0x000000a061700000] [id=20060]
  0x00000214f873d390 ConcurrentGCThread "G1 Conc#0" [stack: 0x000000a061700000,0x000000a061800000] [id=16496]
  0x00000214fe9557d0 ConcurrentGCThread "G1 Refine#0" [stack: 0x000000a061800000,0x000000a061900000] [id=14136]
  0x00000214fe95b170 ConcurrentGCThread "G1 Service" [stack: 0x000000a061900000,0x000000a061a00000] [id=19532]

Threads with active compile tasks:
C2 CompilerThread0   172692 4111       4       jdk.internal.net.http.common.Utils::isValidName (52 bytes)

VM state: not at safepoint (normal execution)

VM Mutex/Monitor currently owned by a thread: None

Heap address: 0x0000000081c00000, size: 2020 MB, Compressed Oops mode: 32-bit

CDS archive(s) not mapped
Compressed class space mapped at: 0x0000000100000000-0x0000000140000000, reserved size: 1073741824
Narrow klass base: 0x0000000000000000, Narrow klass shift: 3, Narrow klass range: 0x140000000

GC Precious Log:
 CPUs: 4 total, 4 available
 Memory: 8072M
 Large Page Support: Disabled
 NUMA Support: Disabled
 Compressed Oops: Enabled (32-bit)
 Heap Region Size: 1M
 Heap Min Capacity: 8M
 Heap Initial Capacity: 128M
 Heap Max Capacity: 2020M
 Pre-touch: Disabled
 Parallel Workers: 4
 Concurrent Workers: 1
 Concurrent Refinement Workers: 4
 Periodic GC: Disabled

Heap:
 garbage-first heap   total 30720K, used 13586K [0x0000000081c00000, 0x0000000100000000)
  region size 1024K, 4 young (4096K), 2 survivors (2048K)
 Metaspace       used 34670K, committed 35200K, reserved 1114112K
  class space    used 4066K, committed 4288K, reserved 1048576K

Heap Regions: E=young(eden), S=young(survivor), O=old, HS=humongous(starts), HC=humongous(continues), CS=collection set, F=free, OA=open archive, CA=closed archive, TAMS=top-at-mark-start (previous, next)
|   0|0x0000000081c00000, 0x0000000081d00000, 0x0000000081d00000|100%| O|  |TAMS 0x0000000081d00000, 0x0000000081c00000| Untracked 
|   1|0x0000000081d00000, 0x0000000081e00000, 0x0000000081e00000|100%| O|  |TAMS 0x0000000081e00000, 0x0000000081d00000| Untracked 
|   2|0x0000000081e00000, 0x0000000081f00000, 0x0000000081f00000|100%| O|  |TAMS 0x0000000081f00000, 0x0000000081e00000| Untracked 
|   3|0x0000000081f00000, 0x0000000082000000, 0x0000000082000000|100%| O|  |TAMS 0x0000000082000000, 0x0000000081f00000| Untracked 
|   4|0x0000000082000000, 0x0000000082100000, 0x0000000082100000|100%| O|  |TAMS 0x0000000082000000, 0x0000000082000000| Untracked 
|   5|0x0000000082100000, 0x0000000082200000, 0x0000000082200000|100%| O|  |TAMS 0x0000000082100000, 0x0000000082100000| Untracked 
|   6|0x0000000082200000, 0x0000000082300000, 0x0000000082300000|100%| O|  |TAMS 0x0000000082200000, 0x0000000082200000| Untracked 
|   7|0x0000000082300000, 0x0000000082400000, 0x0000000082400000|100%| O|  |TAMS 0x0000000082300000, 0x0000000082300000| Untracked 
|   8|0x0000000082400000, 0x0000000082500000, 0x0000000082500000|100%| O|  |TAMS 0x0000000082400000, 0x0000000082400000| Untracked 
|   9|0x0000000082500000, 0x0000000082600000, 0x0000000082600000|100%| O|  |TAMS 0x0000000082500000, 0x0000000082500000| Untracked 
|  10|0x0000000082600000, 0x0000000082700000, 0x0000000082700000|100%| O|  |TAMS 0x0000000082600000, 0x0000000082600000| Untracked 
|  11|0x0000000082700000, 0x0000000082714200, 0x0000000082800000|  7%| O|  |TAMS 0x0000000082700000, 0x0000000082700000| Untracked 
|  12|0x0000000082800000, 0x0000000082800000, 0x0000000082900000|  0%| F|  |TAMS 0x0000000082800000, 0x0000000082800000| Untracked 
|  13|0x0000000082900000, 0x0000000082900000, 0x0000000082a00000|  0%| F|  |TAMS 0x0000000082900000, 0x0000000082900000| Untracked 
|  14|0x0000000082a00000, 0x0000000082a00000, 0x0000000082b00000|  0%| F|  |TAMS 0x0000000082a00000, 0x0000000082a00000| Untracked 
|  15|0x0000000082b00000, 0x0000000082b00000, 0x0000000082c00000|  0%| F|  |TAMS 0x0000000082b00000, 0x0000000082b00000| Untracked 
|  16|0x0000000082c00000, 0x0000000082c00000, 0x0000000082d00000|  0%| F|  |TAMS 0x0000000082c00000, 0x0000000082c00000| Untracked 
|  17|0x0000000082d00000, 0x0000000082d306c8, 0x0000000082e00000| 18%| S|CS|TAMS 0x0000000082d00000, 0x0000000082d00000| Complete 
|  18|0x0000000082e00000, 0x0000000082e00000, 0x0000000082f00000|  0%| F|  |TAMS 0x0000000082e00000, 0x0000000082e00000| Untracked 
|  19|0x0000000082f00000, 0x0000000083000000, 0x0000000083000000|100%| S|CS|TAMS 0x0000000082f00000, 0x0000000082f00000| Complete 
|  20|0x0000000083000000, 0x0000000083000000, 0x0000000083100000|  0%| F|  |TAMS 0x0000000083000000, 0x0000000083000000| Untracked 
|  21|0x0000000083100000, 0x0000000083100000, 0x0000000083200000|  0%| F|  |TAMS 0x0000000083100000, 0x0000000083100000| Untracked 
|  22|0x0000000083200000, 0x0000000083200000, 0x0000000083300000|  0%| F|  |TAMS 0x0000000083200000, 0x0000000083200000| Untracked 
|  23|0x0000000083300000, 0x0000000083300000, 0x0000000083400000|  0%| F|  |TAMS 0x0000000083300000, 0x0000000083300000| Untracked 
|  24|0x0000000083400000, 0x0000000083400000, 0x0000000083500000|  0%| F|  |TAMS 0x0000000083400000, 0x0000000083400000| Untracked 
|  25|0x0000000083500000, 0x0000000083500000, 0x0000000083600000|  0%| F|  |TAMS 0x0000000083500000, 0x0000000083500000| Untracked 
| 101|0x0000000088100000, 0x0000000088100000, 0x0000000088200000|  0%| F|  |TAMS 0x0000000088100000, 0x0000000088100000| Untracked 
| 102|0x0000000088200000, 0x0000000088200000, 0x0000000088300000|  0%| F|  |TAMS 0x0000000088200000, 0x0000000088200000| Untracked 
| 103|0x0000000088300000, 0x00000000883670c8, 0x0000000088400000| 40%| E|  |TAMS 0x0000000088300000, 0x0000000088300000| Complete 
| 127|0x0000000089b00000, 0x0000000089c00000, 0x0000000089c00000|100%| E|CS|TAMS 0x0000000089b00000, 0x0000000089b00000| Complete 

Card table byte_map: [0x00000214fc150000,0x00000214fc550000] _byte_map_base: 0x00000214fbd42000

Marking Bits (Prev, Next): (CMBitMap*) 0x00000214f872b9d0, (CMBitMap*) 0x00000214f872b990
 Prev Bits: [0x000002148f000000, 0x0000021490f90000)
 Next Bits: [0x00000214fc950000, 0x00000214fe8e0000)

Polling page: 0x00000214f7790000

Metaspace:

Usage:
  Non-class:     29.89 MB used.
      Class:      3.97 MB used.
       Both:     33.86 MB used.

Virtual space:
  Non-class space:       64.00 MB reserved,      30.19 MB ( 47%) committed,  1 nodes.
      Class space:        1.00 GB reserved,       4.19 MB ( <1%) committed,  1 nodes.
             Both:        1.06 GB reserved,      34.38 MB (  3%) committed. 

Chunk freelists:
   Non-Class:  1.50 MB
       Class:  11.78 MB
        Both:  13.28 MB

MaxMetaspaceSize: unlimited
CompressedClassSpaceSize: 1.00 GB
Initial GC threshold: 21.00 MB
Current GC threshold: 35.12 MB
CDS: off
MetaspaceReclaimPolicy: balanced
 - commit_granule_bytes: 65536.
 - commit_granule_words: 8192.
 - virtual_space_node_default_size: 8388608.
 - enlarge_chunks_in_place: 1.
 - new_chunks_are_fully_committed: 0.
 - uncommit_free_chunks: 1.
 - use_allocation_guard: 0.
 - handle_deallocations: 1.


Internal statistics:

num_allocs_failed_limit: 3.
num_arena_births: 610.
num_arena_deaths: 0.
num_vsnodes_births: 2.
num_vsnodes_deaths: 0.
num_space_committed: 550.
num_space_uncommitted: 0.
num_chunks_returned_to_freelist: 3.
num_chunks_taken_from_freelist: 1442.
num_chunk_merges: 3.
num_chunk_splits: 885.
num_chunks_enlarged: 535.
num_inconsistent_stats: 0.

CodeHeap 'non-profiled nmethods': size=120000Kb used=1671Kb max_used=1671Kb free=118328Kb
 bounds [0x0000021487ad0000, 0x0000021487d40000, 0x000002148f000000]
CodeHeap 'profiled nmethods': size=120000Kb used=8272Kb max_used=8272Kb free=111727Kb
 bounds [0x0000021480000000, 0x0000021480820000, 0x0000021487530000]
CodeHeap 'non-nmethods': size=5760Kb used=1266Kb max_used=1309Kb free=4493Kb
 bounds [0x0000021487530000, 0x00000214877a0000, 0x0000021487ad0000]
 total_blobs=4693 nmethods=4111 adapters=494
 compilation: enabled
              stopped_count=0, restarted_count=0
 full_count=0

Compilation events (20 events):
Event: 161.433 Thread 0x00000214970e2ca0 nmethod 4102 0x000002148080cb90 code [0x000002148080cdc0, 0x000002148080d6b8]
Event: 161.647 Thread 0x0000021497076330 4103       4       java.lang.String::getBytes (46 bytes)
Event: 161.651 Thread 0x00000214970e2ca0 4104       3       java.lang.Long::parseLong (272 bytes)
Event: 161.651 Thread 0x0000021497076330 nmethod 4103 0x0000021487c71810 code [0x0000021487c719a0, 0x0000021487c71bf8]
Event: 161.654 Thread 0x00000214970e2ca0 nmethod 4104 0x000002148080da90 code [0x000002148080df20, 0x000002148080fe38]
Event: 161.655 Thread 0x00000214970e2ca0 4105       3       jdk.internal.net.http.common.Demand::<init> (16 bytes)
Event: 161.655 Thread 0x00000214970e2ca0 nmethod 4105 0x0000021480810a90 code [0x0000021480810c40, 0x0000021480810f78]
Event: 161.656 Thread 0x00000214970e2ca0 4106       3       java.util.concurrent.CompletableFuture::whenCompleteAsync (10 bytes)
Event: 161.656 Thread 0x00000214970e2ca0 nmethod 4106 0x0000021480811090 code [0x0000021480811260, 0x0000021480811518]
Event: 161.777 Thread 0x00000214970e2ca0 4107       3       io.cucumber.core.internal.com.fasterxml.jackson.core.io.NumberOutput::outputLong (148 bytes)
Event: 161.778 Thread 0x00000214970e2ca0 nmethod 4107 0x0000021480811690 code [0x00000214808118c0, 0x0000021480811e48]
Event: 161.779 Thread 0x00000214970e2ca0 4108       3       org.openqa.selenium.remote.http.HttpRequest::setHeader (7 bytes)
Event: 161.780 Thread 0x00000214970e2ca0 nmethod 4108 0x0000021480812010 code [0x0000021480812260, 0x0000021480812c38]
Event: 161.780 Thread 0x00000214970e2ca0 4109       3       org.openqa.selenium.remote.http.HttpMessage::setHeader (11 bytes)
Event: 161.780 Thread 0x00000214970e2ca0 nmethod 4109 0x0000021480813010 code [0x00000214808131c0, 0x0000021480813458]
Event: 161.780 Thread 0x00000214970e2ca0 4110       3       org.openqa.selenium.remote.http.HttpMessage::setContent (18 bytes)
Event: 161.781 Thread 0x00000214970e2ca0 nmethod 4110 0x0000021480813590 code [0x0000021480813740, 0x0000021480813a48]
Event: 170.568 Thread 0x0000021497076330 4111       4       jdk.internal.net.http.common.Utils::isValidName (52 bytes)
Event: 170.578 Thread 0x00000214970e2ca0 4112       3       java.time.Duration::toMillis (51 bytes)
Event: 170.579 Thread 0x00000214970e2ca0 nmethod 4112 0x0000021480813b10 code [0x0000021480813cc0, 0x0000021480813f38]

GC Heap History (20 events):
Event: 2.440 GC heap before
{Heap before GC invocations=0 (full 0):
 garbage-first heap   total 131072K, used 12288K [0x0000000081c00000, 0x0000000100000000)
  region size 1024K, 13 young (13312K), 0 survivors (0K)
 Metaspace       used 12122K, committed 12288K, reserved 1114112K
  class space    used 1148K, committed 1216K, reserved 1048576K
}
Event: 2.454 GC heap after
{Heap after GC invocations=1 (full 0):
 garbage-first heap   total 131072K, used 4556K [0x0000000081c00000, 0x0000000100000000)
  region size 1024K, 2 young (2048K), 2 survivors (2048K)
 Metaspace       used 12122K, committed 12288K, reserved 1114112K
  class space    used 1148K, committed 1216K, reserved 1048576K
}
Event: 3.444 GC heap before
{Heap before GC invocations=1 (full 0):
 garbage-first heap   total 131072K, used 16844K [0x0000000081c00000, 0x0000000100000000)
  region size 1024K, 14 young (14336K), 2 survivors (2048K)
 Metaspace       used 15631K, committed 16000K, reserved 1114112K
  class space    used 1601K, committed 1792K, reserved 1048576K
}
Event: 3.448 GC heap after
{Heap after GC invocations=2 (full 0):
 garbage-first heap   total 131072K, used 5167K [0x0000000081c00000, 0x0000000100000000)
  region size 1024K, 1 young (1024K), 1 survivors (1024K)
 Metaspace       used 15631K, committed 16000K, reserved 1114112K
  class space    used 1601K, committed 1792K, reserved 1048576K
}
Event: 4.287 GC heap before
{Heap before GC invocations=2 (full 0):
 garbage-first heap   total 131072K, used 26671K [0x0000000081c00000, 0x0000000100000000)
  region size 1024K, 24 young (24576K), 1 survivors (1024K)
 Metaspace       used 21254K, committed 21504K, reserved 1114112K
  class space    used 2298K, committed 2432K, reserved 1048576K
}
Event: 4.292 GC heap after
{Heap after GC invocations=3 (full 0):
 garbage-first heap   total 131072K, used 6770K [0x0000000081c00000, 0x0000000100000000)
  region size 1024K, 3 young (3072K), 3 survivors (3072K)
 Metaspace       used 21254K, committed 21504K, reserved 1114112K
  class space    used 2298K, committed 2432K, reserved 1048576K
}
Event: 5.151 GC heap before
{Heap before GC invocations=4 (full 0):
 garbage-first heap   total 30720K, used 20082K [0x0000000081c00000, 0x0000000100000000)
  region size 1024K, 18 young (18432K), 3 survivors (3072K)
 Metaspace       used 24217K, committed 24512K, reserved 1114112K
  class space    used 2723K, committed 2880K, reserved 1048576K
}
Event: 5.158 GC heap after
{Heap after GC invocations=5 (full 0):
 garbage-first heap   total 30720K, used 8182K [0x0000000081c00000, 0x0000000100000000)
  region size 1024K, 2 young (2048K), 2 survivors (2048K)
 Metaspace       used 24217K, committed 24512K, reserved 1114112K
  class space    used 2723K, committed 2880K, reserved 1048576K
}
Event: 5.209 GC heap before
{Heap before GC invocations=5 (full 0):
 garbage-first heap   total 30720K, used 9206K [0x0000000081c00000, 0x0000000100000000)
  region size 1024K, 3 young (3072K), 2 survivors (2048K)
 Metaspace       used 24398K, committed 24704K, reserved 1114112K
  class space    used 2757K, committed 2880K, reserved 1048576K
}
Event: 5.212 GC heap after
{Heap after GC invocations=6 (full 0):
 garbage-first heap   total 30720K, used 8487K [0x0000000081c00000, 0x0000000100000000)
  region size 1024K, 1 young (1024K), 1 survivors (1024K)
 Metaspace       used 24398K, committed 24704K, reserved 1114112K
  class space    used 2757K, committed 2880K, reserved 1048576K
}
Event: 9.950 GC heap before
{Heap before GC invocations=6 (full 0):
 garbage-first heap   total 30720K, used 19751K [0x0000000081c00000, 0x0000000100000000)
  region size 1024K, 12 young (12288K), 1 survivors (1024K)
 Metaspace       used 27074K, committed 27456K, reserved 1114112K
  class space    used 3203K, committed 3392K, reserved 1048576K
}
Event: 9.953 GC heap after
{Heap after GC invocations=7 (full 0):
 garbage-first heap   total 30720K, used 9295K [0x0000000081c00000, 0x0000000100000000)
  region size 1024K, 2 young (2048K), 2 survivors (2048K)
 Metaspace       used 27074K, committed 27456K, reserved 1114112K
  class space    used 3203K, committed 3392K, reserved 1048576K
}
Event: 15.298 GC heap before
{Heap before GC invocations=7 (full 0):
 garbage-first heap   total 30720K, used 19535K [0x0000000081c00000, 0x0000000100000000)
  region size 1024K, 13 young (13312K), 2 survivors (2048K)
 Metaspace       used 31389K, committed 31808K, reserved 1114112K
  class space    used 3688K, committed 3904K, reserved 1048576K
}
Event: 15.303 GC heap after
{Heap after GC invocations=8 (full 0):
 garbage-first heap   total 30720K, used 11264K [0x0000000081c00000, 0x0000000100000000)
  region size 1024K, 2 young (2048K), 2 survivors (2048K)
 Metaspace       used 31389K, committed 31808K, reserved 1114112K
  class space    used 3688K, committed 3904K, reserved 1048576K
}
Event: 22.017 GC heap before
{Heap before GC invocations=8 (full 0):
 garbage-first heap   total 30720K, used 20480K [0x0000000081c00000, 0x0000000100000000)
  region size 1024K, 12 young (12288K), 2 survivors (2048K)
 Metaspace       used 33401K, committed 33856K, reserved 1114112K
  class space    used 3973K, committed 4224K, reserved 1048576K
}
Event: 22.021 GC heap after
{Heap after GC invocations=9 (full 0):
 garbage-first heap   total 30720K, used 12219K [0x0000000081c00000, 0x0000000100000000)
  region size 1024K, 1 young (1024K), 1 survivors (1024K)
 Metaspace       used 33401K, committed 33856K, reserved 1114112K
  class space    used 3973K, committed 4224K, reserved 1048576K
}
Event: 128.978 GC heap before
{Heap before GC invocations=9 (full 0):
 garbage-first heap   total 30720K, used 21435K [0x0000000081c00000, 0x0000000100000000)
  region size 1024K, 10 young (10240K), 1 survivors (1024K)
 Metaspace       used 34337K, committed 34816K, reserved 1114112K
  class space    used 4056K, committed 4288K, reserved 1048576K
}
Event: 128.981 GC heap after
{Heap after GC invocations=10 (full 0):
 garbage-first heap   total 30720K, used 12464K [0x0000000081c00000, 0x0000000100000000)
  region size 1024K, 2 young (2048K), 2 survivors (2048K)
 Metaspace       used 34337K, committed 34816K, reserved 1114112K
  class space    used 4056K, committed 4288K, reserved 1048576K
}
Event: 160.949 GC heap before
{Heap before GC invocations=10 (full 0):
 garbage-first heap   total 30720K, used 20656K [0x0000000081c00000, 0x0000000100000000)
  region size 1024K, 11 young (11264K), 2 survivors (2048K)
 Metaspace       used 34643K, committed 35136K, reserved 1114112K
  class space    used 4066K, committed 4288K, reserved 1048576K
}
Event: 160.952 GC heap after
{Heap after GC invocations=11 (full 0):
 garbage-first heap   total 30720K, used 12562K [0x0000000081c00000, 0x0000000100000000)
  region size 1024K, 2 young (2048K), 2 survivors (2048K)
 Metaspace       used 34643K, committed 35136K, reserved 1114112K
  class space    used 4066K, committed 4288K, reserved 1048576K
}

Dll operation events (7 events):
Event: 0.051 Loaded shared library C:\Users\Vignesh.sakthivel\.p2\pool\plugins\org.eclipse.justj.openjdk.hotspot.jre.full.win32.x86_64_17.0.9.v20231028-0858\jre\bin\java.dll
Event: 0.544 Loaded shared library C:\Users\Vignesh.sakthivel\.p2\pool\plugins\org.eclipse.justj.openjdk.hotspot.jre.full.win32.x86_64_17.0.9.v20231028-0858\jre\bin\net.dll
Event: 0.553 Loaded shared library C:\Users\Vignesh.sakthivel\.p2\pool\plugins\org.eclipse.justj.openjdk.hotspot.jre.full.win32.x86_64_17.0.9.v20231028-0858\jre\bin\nio.dll
Event: 0.592 Loaded shared library C:\Users\Vignesh.sakthivel\.p2\pool\plugins\org.eclipse.justj.openjdk.hotspot.jre.full.win32.x86_64_17.0.9.v20231028-0858\jre\bin\zip.dll
Event: 1.208 Loaded shared library C:\Users\Vignesh.sakthivel\.p2\pool\plugins\org.eclipse.justj.openjdk.hotspot.jre.full.win32.x86_64_17.0.9.v20231028-0858\jre\bin\jimage.dll
Event: 5.082 Loaded shared library C:\Users\Vignesh.sakthivel\.p2\pool\plugins\org.eclipse.justj.openjdk.hotspot.jre.full.win32.x86_64_17.0.9.v20231028-0858\jre\bin\verify.dll
Event: 10.268 Loaded shared library C:\Users\Vignesh.sakthivel\.p2\pool\plugins\org.eclipse.justj.openjdk.hotspot.jre.full.win32.x86_64_17.0.9.v20231028-0858\jre\bin\sunmscapi.dll

Deoptimization events (20 events):
Event: 146.389 Thread 0x00000214984fa010 DEOPT PACKING pc=0x0000021480435183 sp=0x000000a062dfce30
Event: 146.389 Thread 0x00000214984fa010 DEOPT UNPACKING pc=0x0000021487587143 sp=0x000000a062dfc2a0 mode 0
Event: 147.644 Thread 0x00000214984fa010 Uncommon trap: trap_request=0xffffff45 fr.pc=0x0000021487bbcf00 relative=0x0000000000000180
Event: 147.644 Thread 0x00000214984fa010 Uncommon trap: reason=unstable_if action=reinterpret pc=0x0000021487bbcf00 method=java.lang.String.equals(Ljava/lang/Object;)Z @ 33 c2
Event: 147.644 Thread 0x00000214984fa010 DEOPT PACKING pc=0x0000021487bbcf00 sp=0x000000a062dfc960
Event: 147.644 Thread 0x00000214984fa010 DEOPT UNPACKING pc=0x00000214875869a3 sp=0x000000a062dfc900 mode 2
Event: 147.791 Thread 0x00000214984fa010 Uncommon trap: trap_request=0xffffff45 fr.pc=0x0000021487be06f0 relative=0x00000000000002b0
Event: 147.792 Thread 0x00000214984fa010 Uncommon trap: reason=unstable_if action=reinterpret pc=0x0000021487be06f0 method=java.lang.String.getBytes([BIIBI)V @ 6 c2
Event: 147.793 Thread 0x00000214984fa010 DEOPT PACKING pc=0x0000021487be06f0 sp=0x000000a062dfd210
Event: 147.793 Thread 0x00000214984fa010 DEOPT UNPACKING pc=0x00000214875869a3 sp=0x000000a062dfd000 mode 2
Event: 147.793 Thread 0x00000214984fa010 Uncommon trap: trap_request=0xffffff45 fr.pc=0x0000021487bdfe70 relative=0x00000000000002b0
Event: 147.793 Thread 0x00000214984fa010 Uncommon trap: reason=unstable_if action=reinterpret pc=0x0000021487bdfe70 method=java.lang.String.getBytes([BIIBI)V @ 6 c2
Event: 147.793 Thread 0x00000214984fa010 DEOPT PACKING pc=0x0000021487bdfe70 sp=0x000000a062dfd2a0
Event: 147.793 Thread 0x00000214984fa010 DEOPT UNPACKING pc=0x00000214875869a3 sp=0x000000a062dfd0f8 mode 2
Event: 147.793 Thread 0x00000214984fa010 Uncommon trap: trap_request=0xffffff45 fr.pc=0x0000021487aef83c relative=0x000000000000011c
Event: 147.793 Thread 0x00000214984fa010 Uncommon trap: reason=unstable_if action=reinterpret pc=0x0000021487aef83c method=java.lang.AbstractStringBuilder.putStringAt(ILjava/lang/String;II)V @ 8 c2
Event: 147.793 Thread 0x00000214984fa010 DEOPT PACKING pc=0x0000021487aef83c sp=0x000000a062dfd1e0
Event: 147.793 Thread 0x00000214984fa010 DEOPT UNPACKING pc=0x00000214875869a3 sp=0x000000a062dfd128 mode 2
Event: 151.030 Thread 0x00000214978b9620 DEOPT PACKING pc=0x0000021480780544 sp=0x000000a0635fe0b0
Event: 151.030 Thread 0x00000214978b9620 DEOPT UNPACKING pc=0x0000021487587143 sp=0x000000a0635fd530 mode 0

Classes unloaded (0 events):
No events

Classes redefined (0 events):
No events

Internal exceptions (20 events):
Event: 15.338 Thread 0x00000214980bd4f0 Exception <a 'java/lang/NoSuchMethodError'{0x000000008835b588}: 'void java.lang.invoke.DirectMethodHandle$Holder.invokeStatic(java.lang.Object, java.lang.Object, java.lang.Object, java.lang.Object, java.lang.Object, java.lang.Object, java.lang.Object)'> (0x000000008835b588) 
thrown [s\src\hotspot\share\interpreter\linkResolver.cpp, line 759]
Event: 19.476 Thread 0x0000021498108db0 Exception <a 'java/net/ConnectException'{0x0000000083469788}: Connection refused: no further information> (0x0000000083469788) 
thrown [s\src\hotspot\share\prims\jni.cpp, line 535]
Event: 19.476 Thread 0x0000021498108db0 Exception <a 'java/net/SocketException'{0x0000000083469ac0}: Socket is not connected: shutdown> (0x0000000083469ac0) 
thrown [s\src\hotspot\share\prims\jni.cpp, line 535]
Event: 19.492 Thread 0x0000021498108db0 Exception <a 'java/net/ConnectException'{0x000000008346aa98}: Connection refused: no further information> (0x000000008346aa98) 
thrown [s\src\hotspot\share\prims\jni.cpp, line 535]
Event: 19.492 Thread 0x0000021498108db0 Exception <a 'java/net/SocketException'{0x000000008346add0}: Socket is not connected: shutdown> (0x000000008346add0) 
thrown [s\src\hotspot\share\prims\jni.cpp, line 535]
Event: 19.523 Thread 0x0000021498108db0 Exception <a 'java/net/ConnectException'{0x000000008346bda8}: Connection refused: no further information> (0x000000008346bda8) 
thrown [s\src\hotspot\share\prims\jni.cpp, line 535]
Event: 19.523 Thread 0x0000021498108db0 Exception <a 'java/net/SocketException'{0x000000008346c0e0}: Socket is not connected: shutdown> (0x000000008346c0e0) 
thrown [s\src\hotspot\share\prims\jni.cpp, line 535]
Event: 19.587 Thread 0x0000021498108db0 Exception <a 'java/net/ConnectException'{0x000000008346d0b8}: Connection refused: no further information> (0x000000008346d0b8) 
thrown [s\src\hotspot\share\prims\jni.cpp, line 535]
Event: 19.587 Thread 0x0000021498108db0 Exception <a 'java/net/SocketException'{0x000000008346d3f0}: Socket is not connected: shutdown> (0x000000008346d3f0) 
thrown [s\src\hotspot\share\prims\jni.cpp, line 535]
Event: 19.680 Thread 0x0000021498108db0 Exception <a 'java/net/ConnectException'{0x000000008346e3c8}: Connection refused: no further information> (0x000000008346e3c8) 
thrown [s\src\hotspot\share\prims\jni.cpp, line 535]
Event: 19.680 Thread 0x0000021498108db0 Exception <a 'java/net/SocketException'{0x000000008346e700}: Socket is not connected: shutdown> (0x000000008346e700) 
thrown [s\src\hotspot\share\prims\jni.cpp, line 535]
Event: 19.866 Thread 0x0000021498108db0 Exception <a 'java/net/ConnectException'{0x000000008346f6d8}: Connection refused: no further information> (0x000000008346f6d8) 
thrown [s\src\hotspot\share\prims\jni.cpp, line 535]
Event: 19.866 Thread 0x0000021498108db0 Exception <a 'java/net/SocketException'{0x000000008346fa10}: Socket is not connected: shutdown> (0x000000008346fa10) 
thrown [s\src\hotspot\share\prims\jni.cpp, line 535]
Event: 20.193 Thread 0x0000021498108db0 Exception <a 'java/net/ConnectException'{0x00000000834709e8}: Connection refused: no further information> (0x00000000834709e8) 
thrown [s\src\hotspot\share\prims\jni.cpp, line 535]
Event: 20.193 Thread 0x0000021498108db0 Exception <a 'java/net/SocketException'{0x0000000083470d20}: Socket is not connected: shutdown> (0x0000000083470d20) 
thrown [s\src\hotspot\share\prims\jni.cpp, line 535]
Event: 20.522 Thread 0x0000021498108db0 Exception <a 'java/net/ConnectException'{0x0000000083483098}: Connection refused: no further information> (0x0000000083483098) 
thrown [s\src\hotspot\share\prims\jni.cpp, line 535]
Event: 20.522 Thread 0x0000021498108db0 Exception <a 'java/net/SocketException'{0x00000000834833d0}: Socket is not connected: shutdown> (0x00000000834833d0) 
thrown [s\src\hotspot\share\prims\jni.cpp, line 535]
Event: 21.672 Thread 0x00000214981097d0 Exception <a 'java/lang/NoSuchMethodError'{0x0000000083366ae0}: 'java.lang.Object java.lang.invoke.DirectMethodHandle$Holder.newInvokeSpecial(java.lang.Object, java.lang.Object, long, java.lang.Object, java.lang.Object, java.lang.Object)'> (0x0000000083366ae0) 
thrown [s\src\hotspot\share\interpreter\linkResolver.cpp, line 759]
Event: 21.812 Thread 0x00000214980bd4f0 Exception <a 'java/lang/NoSuchMethodError'{0x00000000833f9a70}: 'java.lang.Object java.lang.invoke.DirectMethodHandle$Holder.invokeSpecialIFC(java.lang.Object, java.lang.Object, java.lang.Object)'> (0x00000000833f9a70) 
thrown [s\src\hotspot\share\interpreter\linkResolver.cpp, line 759]
Event: 22.057 Thread 0x00000214980bd4f0 Exception <a 'java/lang/ClassNotFoundException'{0x0000000089bdb438}: sun/util/logging/resources/spi/loggingProvider> (0x0000000089bdb438) 
thrown [s\src\hotspot\share\classfile\systemDictionary.cpp, line 256]

VM Operations (20 events):
Event: 142.078 Executing VM operation: Cleanup
Event: 142.078 Executing VM operation: Cleanup done
Event: 143.091 Executing VM operation: Cleanup
Event: 143.091 Executing VM operation: Cleanup done
Event: 148.151 Executing VM operation: Cleanup
Event: 148.168 Executing VM operation: Cleanup done
Event: 149.175 Executing VM operation: Cleanup
Event: 149.175 Executing VM operation: Cleanup done
Event: 150.181 Executing VM operation: Cleanup
Event: 150.181 Executing VM operation: Cleanup done
Event: 151.195 Executing VM operation: Cleanup
Event: 151.196 Executing VM operation: Cleanup done
Event: 152.206 Executing VM operation: Cleanup
Event: 152.206 Executing VM operation: Cleanup done
Event: 160.292 Executing VM operation: Cleanup
Event: 160.292 Executing VM operation: Cleanup done
Event: 160.944 Executing VM operation: G1CollectForAllocation
Event: 160.952 Executing VM operation: G1CollectForAllocation done
Event: 161.958 Executing VM operation: Cleanup
Event: 161.958 Executing VM operation: Cleanup done

Events (20 events):
Event: 80.661 loading class java/io/CharArrayWriter done
Event: 80.852 loading class java/util/IdentityHashMap$KeyIterator
Event: 80.852 loading class java/util/IdentityHashMap$IdentityHashMapIterator
Event: 80.852 loading class java/util/IdentityHashMap$IdentityHashMapIterator done
Event: 80.852 loading class java/util/IdentityHashMap$KeyIterator done
Event: 80.852 Thread 0x0000021498108db0 Thread exited: 0x0000021498108db0
Event: 81.992 Thread 0x0000021497ef1550 Thread exited: 0x0000021497ef1550
Event: 81.992 Thread 0x0000021497ef1f70 Thread exited: 0x0000021497ef1f70
Event: 82.008 Thread 0x0000021497ef2990 Thread exited: 0x0000021497ef2990
Event: 82.478 loading class java/util/concurrent/locks/AbstractQueuedSynchronizer$ExclusiveNode
Event: 82.478 Thread 0x00000214981097d0 Thread exited: 0x00000214981097d0
Event: 82.478 Thread 0x0000021498109ce0 Thread exited: 0x0000021498109ce0
Event: 82.478 loading class java/util/concurrent/locks/AbstractQueuedSynchronizer$ExclusiveNode done
Event: 82.478 Thread 0x000002149810a1f0 Thread exited: 0x000002149810a1f0
Event: 89.340 Thread 0x0000021497ef42e0 Thread exited: 0x0000021497ef42e0
Event: 89.342 Thread 0x0000021497ef4d00 Thread exited: 0x0000021497ef4d00
Event: 89.344 Thread 0x000002149810c050 Thread exited: 0x000002149810c050
Event: 110.099 Thread 0x00000214978b4a30 Thread added: 0x00000214978b4a30
Event: 110.118 Thread 0x00000214978b9620 Thread added: 0x00000214978b9620
Event: 110.165 Thread 0x00000214978b3b00 Thread added: 0x00000214978b3b00


Dynamic libraries:
0x00007ff7fd0b0000 - 0x00007ff7fd0be000 	C:\Users\Vignesh.sakthivel\.p2\pool\plugins\org.eclipse.justj.openjdk.hotspot.jre.full.win32.x86_64_17.0.9.v20231028-0858\jre\bin\javaw.exe
0x00007ffdd29f0000 - 0x00007ffdd2be8000 	C:\Windows\SYSTEM32\ntdll.dll
0x00007ffdd25d0000 - 0x00007ffdd2691000 	C:\Windows\System32\KERNEL32.DLL
0x00007ffdd0480000 - 0x00007ffdd077d000 	C:\Windows\System32\KERNELBASE.dll
0x00007ffdd00a0000 - 0x00007ffdd01a0000 	C:\Windows\System32\ucrtbase.dll
0x00007ffdcac70000 - 0x00007ffdcac8b000 	C:\Users\Vignesh.sakthivel\.p2\pool\plugins\org.eclipse.justj.openjdk.hotspot.jre.full.win32.x86_64_17.0.9.v20231028-0858\jre\bin\VCRUNTIME140.dll
0x00007ffdbb2a0000 - 0x00007ffdbb2b7000 	C:\Users\Vignesh.sakthivel\.p2\pool\plugins\org.eclipse.justj.openjdk.hotspot.jre.full.win32.x86_64_17.0.9.v20231028-0858\jre\bin\jli.dll
0x00007ffdd2230000 - 0x00007ffdd23cd000 	C:\Windows\System32\USER32.dll
0x00007ffdd02c0000 - 0x00007ffdd02e2000 	C:\Windows\System32\win32u.dll
0x00007ffdd0a80000 - 0x00007ffdd0aab000 	C:\Windows\System32\GDI32.dll
0x00007ffdd01a0000 - 0x00007ffdd02b7000 	C:\Windows\System32\gdi32full.dll
0x00007ffdd0390000 - 0x00007ffdd042d000 	C:\Windows\System32\msvcp_win.dll
0x00007ffdbf570000 - 0x00007ffdbf80a000 	C:\Windows\WinSxS\amd64_microsoft.windows.common-controls_6595b64144ccf1df_6.0.19041.4355_none_60b8b9eb71f62e16\COMCTL32.dll
0x00007ffdd23d0000 - 0x00007ffdd246e000 	C:\Windows\System32\msvcrt.dll
0x00007ffdd2720000 - 0x00007ffdd274f000 	C:\Windows\System32\IMM32.DLL
0x00007ffdbb060000 - 0x00007ffdbb262000 	C:\Windows\system32\tmumh\20019\AddOn\8.55.0.1288\TmUmEvt64.dll
0x00007ffdd1610000 - 0x00007ffdd1618000 	C:\Windows\System32\PSAPI.DLL
0x00007ffdd1620000 - 0x00007ffdd16d0000 	C:\Windows\System32\ADVAPI32.dll
0x00007ffdd13d0000 - 0x00007ffdd1470000 	C:\Windows\System32\sechost.dll
0x00007ffdd2750000 - 0x00007ffdd2873000 	C:\Windows\System32\RPCRT4.dll
0x00007ffdd02f0000 - 0x00007ffdd0317000 	C:\Windows\System32\bcrypt.dll
0x0000000073950000 - 0x0000000073ae7000 	C:\Windows\system32\tmumh\20019\TmMon\2.9.0.1084\tmmon64.dll
0x00007ffdcbcb0000 - 0x00007ffdcbcbc000 	C:\Users\Vignesh.sakthivel\.p2\pool\plugins\org.eclipse.justj.openjdk.hotspot.jre.full.win32.x86_64_17.0.9.v20231028-0858\jre\bin\vcruntime140_1.dll
0x00007ffd90220000 - 0x00007ffd902ad000 	C:\Users\Vignesh.sakthivel\.p2\pool\plugins\org.eclipse.justj.openjdk.hotspot.jre.full.win32.x86_64_17.0.9.v20231028-0858\jre\bin\msvcp140.dll
0x00007ffd7ab60000 - 0x00007ffd7b7c1000 	C:\Users\Vignesh.sakthivel\.p2\pool\plugins\org.eclipse.justj.openjdk.hotspot.jre.full.win32.x86_64_17.0.9.v20231028-0858\jre\bin\server\jvm.dll
0x00007ffdcfef0000 - 0x00007ffdcff3b000 	C:\Windows\SYSTEM32\POWRPROF.dll
0x00007ffdbe930000 - 0x00007ffdbe939000 	C:\Windows\SYSTEM32\WSOCK32.dll
0x00007ffdd15a0000 - 0x00007ffdd160b000 	C:\Windows\System32\WS2_32.dll
0x00007ffdbf850000 - 0x00007ffdbf877000 	C:\Windows\SYSTEM32\WINMM.dll
0x00007ffdcca10000 - 0x00007ffdcca1a000 	C:\Windows\SYSTEM32\VERSION.dll
0x00007ffdcfed0000 - 0x00007ffdcfee2000 	C:\Windows\SYSTEM32\UMPDC.dll
0x00007ffdcdd60000 - 0x00007ffdcdd72000 	C:\Windows\SYSTEM32\kernel.appcore.dll
0x00007ffdcac90000 - 0x00007ffdcac9a000 	C:\Users\Vignesh.sakthivel\.p2\pool\plugins\org.eclipse.justj.openjdk.hotspot.jre.full.win32.x86_64_17.0.9.v20231028-0858\jre\bin\jimage.dll
0x00007ffdc6de0000 - 0x00007ffdc6fc4000 	C:\Windows\SYSTEM32\DBGHELP.DLL
0x00007ffdc6da0000 - 0x00007ffdc6dd4000 	C:\Windows\SYSTEM32\dbgcore.DLL
0x00007ffdd0780000 - 0x00007ffdd0802000 	C:\Windows\System32\bcryptPrimitives.dll
0x00007ffdbbe80000 - 0x00007ffdbbea5000 	C:\Users\Vignesh.sakthivel\.p2\pool\plugins\org.eclipse.justj.openjdk.hotspot.jre.full.win32.x86_64_17.0.9.v20231028-0858\jre\bin\java.dll
0x00007ffdc8880000 - 0x00007ffdc8898000 	C:\Users\Vignesh.sakthivel\.p2\pool\plugins\org.eclipse.justj.openjdk.hotspot.jre.full.win32.x86_64_17.0.9.v20231028-0858\jre\bin\zip.dll
0x00007ffdd0ab0000 - 0x00007ffdd121f000 	C:\Windows\System32\SHELL32.dll
0x00007ffdcdf60000 - 0x00007ffdce6ff000 	C:\Windows\SYSTEM32\windows.storage.dll
0x00007ffdd1cf0000 - 0x00007ffdd2043000 	C:\Windows\System32\combase.dll
0x00007ffdcfa50000 - 0x00007ffdcfa7e000 	C:\Windows\SYSTEM32\Wldp.dll
0x00007ffdd28e0000 - 0x00007ffdd29ad000 	C:\Windows\System32\OLEAUT32.dll
0x00007ffdd2470000 - 0x00007ffdd251d000 	C:\Windows\System32\SHCORE.dll
0x00007ffdd26a0000 - 0x00007ffdd26f5000 	C:\Windows\System32\shlwapi.dll
0x00007ffdcffd0000 - 0x00007ffdcfff4000 	C:\Windows\SYSTEM32\profapi.dll
0x00007ffdc4250000 - 0x00007ffdc4269000 	C:\Users\Vignesh.sakthivel\.p2\pool\plugins\org.eclipse.justj.openjdk.hotspot.jre.full.win32.x86_64_17.0.9.v20231028-0858\jre\bin\net.dll
0x00007ffdcbaa0000 - 0x00007ffdcbbad000 	C:\Windows\SYSTEM32\WINHTTP.dll
0x00007ffdcf750000 - 0x00007ffdcf7ba000 	C:\Windows\system32\mswsock.dll
0x00007ffdbeac0000 - 0x00007ffdbead6000 	C:\Users\Vignesh.sakthivel\.p2\pool\plugins\org.eclipse.justj.openjdk.hotspot.jre.full.win32.x86_64_17.0.9.v20231028-0858\jre\bin\nio.dll
0x00007ffdcf470000 - 0x00007ffdcf53a000 	C:\Windows\SYSTEM32\DNSAPI.dll
0x00007ffdcf430000 - 0x00007ffdcf46b000 	C:\Windows\SYSTEM32\IPHLPAPI.DLL
0x00007ffdd20b0000 - 0x00007ffdd20b8000 	C:\Windows\System32\NSI.dll
0x00007ffdcb9f0000 - 0x00007ffdcb9fa000 	C:\Windows\System32\rasadhlp.dll
0x00007ffdcd090000 - 0x00007ffdcd110000 	C:\Windows\System32\fwpuclnt.dll
0x00007ffdcf940000 - 0x00007ffdcf958000 	C:\Windows\SYSTEM32\CRYPTSP.dll
0x00007ffdcf070000 - 0x00007ffdcf0a4000 	C:\Windows\system32\rsaenh.dll
0x00007ffdcff80000 - 0x00007ffdcffae000 	C:\Windows\SYSTEM32\USERENV.dll
0x00007ffdcf960000 - 0x00007ffdcf96c000 	C:\Windows\SYSTEM32\CRYPTBASE.dll
0x00007ffdcd070000 - 0x00007ffdcd087000 	C:\Windows\SYSTEM32\dhcpcsvc6.DLL
0x00007ffdcd050000 - 0x00007ffdcd06d000 	C:\Windows\SYSTEM32\dhcpcsvc.DLL
0x00007ffdcc640000 - 0x00007ffdcc650000 	C:\Users\Vignesh.sakthivel\.p2\pool\plugins\org.eclipse.justj.openjdk.hotspot.jre.full.win32.x86_64_17.0.9.v20231028-0858\jre\bin\verify.dll
0x00007ffdcba60000 - 0x00007ffdcba6e000 	C:\Users\Vignesh.sakthivel\.p2\pool\plugins\org.eclipse.justj.openjdk.hotspot.jre.full.win32.x86_64_17.0.9.v20231028-0858\jre\bin\sunmscapi.dll
0x00007ffdd08c0000 - 0x00007ffdd0a1e000 	C:\Windows\System32\CRYPT32.dll
0x00007ffdcfac0000 - 0x00007ffdcfae9000 	C:\Windows\SYSTEM32\ncrypt.dll
0x00007ffdcfa80000 - 0x00007ffdcfabb000 	C:\Windows\SYSTEM32\NTASN1.dll
0x00007ffdcabd0000 - 0x00007ffdcabd7000 	C:\Windows\system32\wshunix.dll

dbghelp: loaded successfully - version: 4.0.5 - missing functions: none
symbol engine: initialized successfully - sym options: 0x614 - pdb path: .;C:\Users\Vignesh.sakthivel\.p2\pool\plugins\org.eclipse.justj.openjdk.hotspot.jre.full.win32.x86_64_17.0.9.v20231028-0858\jre\bin;C:\Windows\SYSTEM32;C:\Windows\WinSxS\amd64_microsoft.windows.common-controls_6595b64144ccf1df_6.0.19041.4355_none_60b8b9eb71f62e16;C:\Windows\system32\tmumh\20019\AddOn\8.55.0.1288;C:\Windows\system32\tmumh\20019\TmMon\2.9.0.1084;C:\Users\Vignesh.sakthivel\.p2\pool\plugins\org.eclipse.justj.openjdk.hotspot.jre.full.win32.x86_64_17.0.9.v20231028-0858\jre\bin\server

VM Arguments:
jvm_args: -ea -Dfile.encoding=UTF-8 -Dstdout.encoding=UTF-8 -Dstderr.encoding=UTF-8 -XX:+ShowCodeDetailsInExceptionMessages 
java_command: org.testng.remote.RemoteTestNG -serport 61143 -protocol json -d C:\Users\Vignesh.sakthivel\eclipse-workspace\Dufry_project\test-output C:\Users\Vignesh.sakthivel\eclipse-workspace\Dufry_project\testng2.xml
java_class_path (initial): C:\Users\Vignesh.sakthivel\eclipse\jee-2023-12\eclipse\configuration\org.eclipse.osgi\994\0\.cp\lib\testng-remote.jar;C:\Users\Vignesh.sakthivel\eclipse-workspace\Dufry_project\target\test-classes;C:\Users\Vignesh.sakthivel\eclipse-workspace\Dufry_project\target\classes;C:\Users\Vignesh.sakthivel\.m2\repository\io\cucumber\cucumber-testng\7.17.0\cucumber-testng-7.17.0.jar;C:\Users\Vignesh.sakthivel\.m2\repository\org\apiguardian\apiguardian-api\1.1.2\apiguardian-api-1.1.2.jar;C:\Users\Vignesh.sakthivel\.m2\repository\junit\junit\4.11\junit-4.11.jar;C:\Users\Vignesh.sakthivel\.m2\repository\org\hamcrest\hamcrest-core\1.3\hamcrest-core-1.3.jar;C:\Users\Vignesh.sakthivel\.m2\repository\org\seleniumhq\selenium\selenium-java\4.18.1\selenium-java-4.18.1.jar;C:\Users\Vignesh.sakthivel\.m2\repository\org\seleniumhq\selenium\selenium-api\4.18.1\selenium-api-4.18.1.jar;C:\Users\Vignesh.sakthivel\.m2\repository\org\seleniumhq\selenium\selenium-chrome-driver\4.18.1\selenium-chrome-driver-4.18.1.jar;C:\Users\Vignesh.sakthivel\.m2\repository\com\google\auto\service\auto-service-annotations\1.1.1\auto-service-annotations-1.1.1.jar;C:\Users\Vignesh.sakthivel\.m2\repository\org\seleniumhq\selenium\selenium-chromium-driver\4.18.1\selenium-chromium-driver-4.18.1.jar;C:\Users\Vignesh.sakthivel\.m2\repository\org\seleniumhq\selenium\selenium-json\4.18.1\selenium-json-4.18.1.jar;C:\Users\Vignesh.sakthivel\.m2\repository\org\seleniumhq\selenium\selenium-manager\4.18.1\selenium-manager-4.18.1.jar;C:\Users\Vignesh.sakthivel\.m2\repository\org\seleniumhq\selenium\selenium-devtools-v120\4.18.1\selenium-devtools-v120-4.18.1.jar;C:\Users\Vignesh.sakthivel\.m2\repository\org\seleniumhq\selenium\selenium-devtools-v121\4.18.1\selenium-devtools-v121-4.18.1.jar;C:\Users\Vignesh.sakthivel\.m2\repository\org\seleniumhq\selenium\selenium-devtools-v122\4.18.1\selenium-devtools-v122-4.18.1.jar;C:\Users\Vignesh.sakthivel\.m2\repository\org\seleniumhq\selenium\selenium-devtools
Launcher Type: SUN_STANDARD

[Global flags]
     intx CICompilerCount                          = 3                                         {product} {ergonomic}
     uint ConcGCThreads                            = 1                                         {product} {ergonomic}
     uint G1ConcRefinementThreads                  = 4                                         {product} {ergonomic}
   size_t G1HeapRegionSize                         = 1048576                                   {product} {ergonomic}
    uintx GCDrainStackTargetSize                   = 64                                        {product} {ergonomic}
   size_t InitialHeapSize                          = 134217728                                 {product} {ergonomic}
   size_t MarkStackSize                            = 4194304                                   {product} {ergonomic}
   size_t MaxHeapSize                              = 2118123520                                {product} {ergonomic}
   size_t MaxNewSize                               = 1270874112                                {product} {ergonomic}
   size_t MinHeapDeltaBytes                        = 1048576                                   {product} {ergonomic}
   size_t MinHeapSize                              = 8388608                                   {product} {ergonomic}
    uintx NonNMethodCodeHeapSize                   = 5832780                                {pd product} {ergonomic}
    uintx NonProfiledCodeHeapSize                  = 122912730                              {pd product} {ergonomic}
    uintx ProfiledCodeHeapSize                     = 122912730                              {pd product} {ergonomic}
    uintx ReservedCodeCacheSize                    = 251658240                              {pd product} {ergonomic}
     bool SegmentedCodeCache                       = true                                      {product} {ergonomic}
     bool ShowCodeDetailsInExceptionMessages       = true                                   {manageable} {command line}
   size_t SoftMaxHeapSize                          = 2118123520                             {manageable} {ergonomic}
     bool UseCompressedClassPointers               = true                           {product lp64_product} {ergonomic}
     bool UseCompressedOops                        = true                           {product lp64_product} {ergonomic}
     bool UseG1GC                                  = true                                      {product} {ergonomic}
     bool UseLargePagesIndividualAllocation        = false                                  {pd product} {ergonomic}

Logging:
Log output configuration:
 #0: stdout all=warning uptime,level,tags
 #1: stderr all=off uptime,level,tags

Environment Variables:
JAVA_HOME=C:\Program Files\Java\jdk-17
PATH=C:/Users/Vignesh.sakthivel/.p2/pool/plugins/org.eclipse.justj.openjdk.hotspot.jre.full.win32.x86_64_17.0.9.v20231028-0858/jre/bin/server;C:/Users/Vignesh.sakthivel/.p2/pool/plugins/org.eclipse.justj.openjdk.hotspot.jre.full.win32.x86_64_17.0.9.v20231028-0858/jre/bin;C:\Windows\system32;C:\Windows;C:\Windows\System32\Wbem;C:\Windows\System32\WindowsPowerShell\v1.0\;C:\Windows\System32\OpenSSH\;C:\Program Files\TortoiseSVN\bin;C:\Program Files\Java\jdk-17\bin;C:\Program Files\nodejs\;C:\Users\Vignesh.sakthivel\AppData\Local\Microsoft\WindowsApps;C:\Users\Vignesh.sakthivel\AppData\Roaming\npm;C:\Users\Vignesh.sakthivel\eclipse\jee-2023-12\eclipse;
USERNAME=vignesh.sakthivel
OS=Windows_NT
PROCESSOR_IDENTIFIER=Intel64 Family 6 Model 42 Stepping 7, GenuineIntel
TMP=C:\Users\VIGNES~1.SAK\AppData\Local\Temp
TEMP=C:\Users\VIGNES~1.SAK\AppData\Local\Temp



Periodic native trim disabled


---------------  S Y S T E M  ---------------

OS:
 Windows 10 , 64 bit Build 19041 (10.0.19041.4717)
OS uptime: 13 days 6:33 hours

CPU: total 4 (initial active 4) (2 cores per cpu, 2 threads per core) family 6 model 42 stepping 7 microcode 0x2f, cx8, cmov, fxsr, ht, mmx, sse, sse2, sse3, ssse3, sse4.1, sse4.2, popcnt, tsc, tscinvbit, avx, clmul, vzeroupper, clflush
Processor Information for all 4 processors :
  Max Mhz: 3300, Current Mhz: 3300, Mhz Limit: 3300

Memory: 4k page, system-wide physical 8072M (556M free)
TotalPageFile size 32648M (AvailPageFile size 60M)
current process WorkingSet (physical memory assigned to process): 128M, peak: 149M
current process commit charge ("private bytes"): 151M, peak: 241M

vm_info: OpenJDK 64-Bit Server VM (17.0.9+9) for windows-amd64 JRE (17.0.9+9), built on Oct 26 2023 14:01:42 by "admin" with MS VC++ 16.10 / 16.11 (VS2019)

END.
